[debug] [2022-07-02T20:41:50.922Z] ----------------------------------------------------------------------
[debug] [2022-07-02T20:41:50.923Z] Command:       C:\Program Files\nodejs\node.exe C:\Users\morih\AppData\Roaming\npm\node_modules\firebase-tools\lib\bin\firebase.js functions:shell
[debug] [2022-07-02T20:41:50.924Z] CLI Version:   11.2.0
[debug] [2022-07-02T20:41:50.924Z] Platform:      win32
[debug] [2022-07-02T20:41:50.924Z] Node Version:  v16.15.0
[debug] [2022-07-02T20:41:50.925Z] Time:          Sat Jul 02 2022 22:41:50 GMT+0200 (Mitteleuropäische Sommerzeit)
[debug] [2022-07-02T20:41:50.925Z] ----------------------------------------------------------------------
[debug] 
[debug] [2022-07-02T20:41:50.977Z] > command requires scopes: ["email","openid","https://www.googleapis.com/auth/cloudplatformprojects.readonly","https://www.googleapis.com/auth/firebase","https://www.googleapis.com/auth/cloud-platform"]
[debug] [2022-07-02T20:41:50.977Z] > authorizing via signed-in user (morihues0@gmail.com)
[debug] [2022-07-02T20:41:50.977Z] [iam] checking project htlite-c7797 for permissions ["firebase.projects.get"]
[debug] [2022-07-02T20:41:50.979Z] >>> [apiv2][query] POST https://cloudresourcemanager.googleapis.com/v1/projects/htlite-c7797:testIamPermissions [none]
[debug] [2022-07-02T20:41:50.979Z] >>> [apiv2][body] POST https://cloudresourcemanager.googleapis.com/v1/projects/htlite-c7797:testIamPermissions {"permissions":["firebase.projects.get"]}
[debug] [2022-07-02T20:41:51.800Z] <<< [apiv2][status] POST https://cloudresourcemanager.googleapis.com/v1/projects/htlite-c7797:testIamPermissions 200
[debug] [2022-07-02T20:41:51.800Z] <<< [apiv2][body] POST https://cloudresourcemanager.googleapis.com/v1/projects/htlite-c7797:testIamPermissions {"permissions":["firebase.projects.get"]}
[debug] [2022-07-02T20:41:51.801Z] >>> [apiv2][query] GET http://localhost:4400/emulators [none]
[debug] [2022-07-02T20:41:51.807Z] <<< [apiv2][status] GET http://localhost:4400/emulators 200
[debug] [2022-07-02T20:41:51.807Z] <<< [apiv2][body] GET http://localhost:4400/emulators {"hub":{"name":"hub","host":"localhost","port":4400},"ui":{"name":"ui","host":"localhost","port":4000,"pid":5364},"logging":{"name":"logging","host":"localhost","port":4500},"auth":{"name":"auth","host":"localhost","port":9099},"functions":{"name":"functions","host":"localhost","port":5001},"firestore":{"name":"firestore","host":"localhost","port":8080,"pid":2028},"hosting":{"name":"hosting","host":"localhost","port":5000}}
[debug] [2022-07-02T20:41:51.808Z] Running emulators:  {"hub":{"name":"hub","host":"localhost","port":4400},"ui":{"name":"ui","host":"localhost","port":4000,"pid":5364},"logging":{"name":"logging","host":"localhost","port":4500},"auth":{"name":"auth","host":"localhost","port":9099},"functions":{"name":"functions","host":"localhost","port":5001},"firestore":{"name":"firestore","host":"localhost","port":8080,"pid":2028},"hosting":{"name":"hosting","host":"localhost","port":5000}}
[warn] !  functions: You are already running the Cloud Functions emulator on port 5001. Running the emulator and the Functions shell simultaenously can result in unexpected behavior. 
[debug] [2022-07-02T20:41:51.851Z] [functions] Using node@16 from host.
[debug] [2022-07-02T20:41:51.852Z] defaultcredentials: writing to file C:\Users\morih\AppData\Roaming\firebase\morihues0_gmail_com_application_default_credentials.json
[debug] [2022-07-02T20:41:51.853Z] DEBUG: Setting GAC to C:\Users\morih\AppData\Roaming\firebase\morihues0_gmail_com_application_default_credentials.json
[debug] [2022-07-02T20:41:51.853Z] >>> [apiv2][query] GET https://firebase.googleapis.com/v1beta1/projects/htlite-c7797/adminSdkConfig [none]
[debug] [2022-07-02T20:41:52.157Z] <<< [apiv2][status] GET https://firebase.googleapis.com/v1beta1/projects/htlite-c7797/adminSdkConfig 200
[debug] [2022-07-02T20:41:52.157Z] <<< [apiv2][body] GET https://firebase.googleapis.com/v1beta1/projects/htlite-c7797/adminSdkConfig {"projectId":"htlite-c7797","storageBucket":"htlite-c7797.appspot.com","locationId":"europe-west"}
[debug] [2022-07-02T20:41:52.166Z] [functions] Watching "C:\coding\websites\htlite\functions" for Cloud Functions...
[debug] [2022-07-02T20:41:52.169Z] Validating nodejs source
[warn] !  functions: package.json indicates an outdated version of firebase-functions. Please upgrade using npm install --save firebase-functions@latest in your functions directory. 
[debug] [2022-07-02T20:41:54.220Z] > [functions] package.json contents: {
  "name": "functions",
  "scripts": {
    "build": "tsc",
    "build:watch": "tsc --watch",
    "serve": "npm run build && firebase emulators:start --only functions",
    "shell": "npm run build && firebase functions:shell",
    "start": "npm run shell",
    "deploy": "firebase deploy --only functions",
    "logs": "firebase functions:log"
  },
  "engines": {
    "node": "16"
  },
  "main": "index.js",
  "dependencies": {
    "cli-progress": "^3.9.1",
    "firebase-admin": "^9.8.0",
    "firebase-functions": "^3.14.1",
    "mysql2": "^2.3.3"
  },
  "devDependencies": {
    "typescript": "^4.6.4"
  },
  "private": true
}
[debug] [2022-07-02T20:41:54.220Z] Building nodejs source
[debug] [2022-07-02T20:41:54.220Z] Analyzing nodejs backend spec
[debug] [2022-07-02T20:41:54.221Z] Could not find functions.yaml. Must use http discovery
[debug] [2022-07-02T20:41:54.402Z] Serving at port 9005

[debug] [2022-07-02T20:41:54.583Z] Got response from /__/functions.yaml {"endpoints":{"generateTest":{"platform":"gcfv1","labels":{},"callableTrigger":{},"entryPoint":"generateTest"},"getLifeSign":{"platform":"gcfv1","labels":{},"callableTrigger":{},"entryPoint":"getLifeSign"}},"specVersion":"v1alpha1","requiredAPIs":[]}
[debug] [2022-07-02T20:41:54.588Z] shutdown requested via /__/quitquitquit

[debug] [2022-07-02T20:41:54.598Z] [functions[us-central1-generateTest]] http function initialized (http://localhost:5002/htlite-c7797/us-central1/generateTest).
[debug] [2022-07-02T20:41:54.598Z] [functions[us-central1-getLifeSign]] http function initialized (http://localhost:5002/htlite-c7797/us-central1/getLifeSign).
[info] i  functions: Loaded functions: generateTest, getLifeSign 
[info] i  functions: Connected to running firestore emulator at localhost:8080, calls to this service will affect the emulator 
[warn] !  functions: The following emulators are not running, calls to these services will affect production: database, pubsub, storage 
