[debug] [2022-07-02T20:43:35.419Z] ----------------------------------------------------------------------
[debug] [2022-07-02T20:43:35.421Z] Command:       C:\Program Files\nodejs\node.exe C:\Users\morih\AppData\Roaming\npm\node_modules\firebase-tools\lib\bin\firebase.js emulators:start
[debug] [2022-07-02T20:43:35.422Z] CLI Version:   11.2.0
[debug] [2022-07-02T20:43:35.422Z] Platform:      win32
[debug] [2022-07-02T20:43:35.422Z] Node Version:  v16.15.0
[debug] [2022-07-02T20:43:35.423Z] Time:          Sat Jul 02 2022 22:43:35 GMT+0200 (Mitteleuropäische Sommerzeit)
[debug] [2022-07-02T20:43:35.423Z] ----------------------------------------------------------------------
[debug] 
[debug] [2022-07-02T20:43:35.479Z] > command requires scopes: ["email","openid","https://www.googleapis.com/auth/cloudplatformprojects.readonly","https://www.googleapis.com/auth/firebase","https://www.googleapis.com/auth/cloud-platform"]
[debug] [2022-07-02T20:43:35.479Z] > authorizing via signed-in user (morihues0@gmail.com)
[debug] [2022-07-02T20:43:35.583Z] java version "18.0.1.1" 2022-04-22

[debug] [2022-07-02T20:43:35.583Z] Java(TM) SE Runtime Environment (build 18.0.1.1+2-6)
Java HotSpot(TM) 64-Bit Server VM (build 18.0.1.1+2-6, mixed mode, sharing)

[debug] [2022-07-02T20:43:35.604Z] Parsed Java major version: 18
[info] i  emulators: Starting emulators: auth, functions, firestore, hosting {"metadata":{"emulator":{"name":"hub"},"message":"Starting emulators: auth, functions, firestore, hosting"}}
[debug] [2022-07-02T20:43:35.614Z] [hub] writing locator at C:\Users\morih\AppData\Local\Temp\hub-htlite-c7797.json
[warn] !  functions: The following emulators are not running, calls to these services from the Functions emulator will affect production: database, pubsub, storage {"metadata":{"emulator":{"name":"functions"},"message":"The following emulators are not running, calls to these services from the Functions emulator will affect production: \u001b[1mdatabase, pubsub, storage\u001b[22m"}}
[info] +  functions: Using node@16 from host. {"metadata":{"emulator":{"name":"functions"},"message":"Using node@16 from host."}}
[debug] [2022-07-02T20:43:35.638Z] defaultcredentials: writing to file C:\Users\morih\AppData\Roaming\firebase\morihues0_gmail_com_application_default_credentials.json
[debug] [2022-07-02T20:43:35.638Z] Setting GAC to C:\Users\morih\AppData\Roaming\firebase\morihues0_gmail_com_application_default_credentials.json {"metadata":{"emulator":{"name":"functions"},"message":"Setting GAC to C:\\Users\\morih\\AppData\\Roaming\\firebase\\morihues0_gmail_com_application_default_credentials.json"}}
[debug] [2022-07-02T20:43:35.641Z] >>> [apiv2][query] GET https://firebase.googleapis.com/v1beta1/projects/htlite-c7797/adminSdkConfig [none]
[debug] [2022-07-02T20:43:35.956Z] <<< [apiv2][status] GET https://firebase.googleapis.com/v1beta1/projects/htlite-c7797/adminSdkConfig 200
[debug] [2022-07-02T20:43:35.956Z] <<< [apiv2][body] GET https://firebase.googleapis.com/v1beta1/projects/htlite-c7797/adminSdkConfig {"projectId":"htlite-c7797","storageBucket":"htlite-c7797.appspot.com","locationId":"europe-west"}
[debug] [2022-07-02T20:43:35.966Z] Ignoring unsupported arg: projectId {"metadata":{"emulator":{"name":"firestore"},"message":"Ignoring unsupported arg: projectId"}}
[debug] [2022-07-02T20:43:35.966Z] Ignoring unsupported arg: auto_download {"metadata":{"emulator":{"name":"firestore"},"message":"Ignoring unsupported arg: auto_download"}}
[debug] [2022-07-02T20:43:35.966Z] Starting Firestore Emulator with command {"binary":"java","args":["-Dgoogle.cloud_firestore.debug_log_level=FINE","-Duser.language=en","-jar","C:\\Users\\morih\\.cache\\firebase\\emulators\\cloud-firestore-emulator-v1.14.3.jar","--host","localhost","--port",8080,"--rules","C:\\coding\\websites\\htlite\\firestore.rules","--functions_emulator","localhost:5001"],"optionalArgs":["port","webchannel_port","host","rules","functions_emulator","seed_from_export"],"joinArgs":false} {"metadata":{"emulator":{"name":"firestore"},"message":"Starting Firestore Emulator with command {\"binary\":\"java\",\"args\":[\"-Dgoogle.cloud_firestore.debug_log_level=FINE\",\"-Duser.language=en\",\"-jar\",\"C:\\\\Users\\\\morih\\\\.cache\\\\firebase\\\\emulators\\\\cloud-firestore-emulator-v1.14.3.jar\",\"--host\",\"localhost\",\"--port\",8080,\"--rules\",\"C:\\\\coding\\\\websites\\\\htlite\\\\firestore.rules\",\"--functions_emulator\",\"localhost:5001\"],\"optionalArgs\":[\"port\",\"webchannel_port\",\"host\",\"rules\",\"functions_emulator\",\"seed_from_export\"],\"joinArgs\":false}"}}
[info] i  firestore: Firestore Emulator logging to firestore-debug.log {"metadata":{"emulator":{"name":"firestore"},"message":"Firestore Emulator logging to \u001b[1mfirestore-debug.log\u001b[22m"}}
[debug] [2022-07-02T20:43:43.306Z] >>> [apiv2][query] GET https://firebasehosting.googleapis.com/v1beta1/projects/htlite-c7797/sites 
[debug] [2022-07-02T20:43:44.415Z] <<< [apiv2][status] GET https://firebasehosting.googleapis.com/v1beta1/projects/htlite-c7797/sites 200
[debug] [2022-07-02T20:43:44.415Z] <<< [apiv2][body] GET https://firebasehosting.googleapis.com/v1beta1/projects/htlite-c7797/sites {"sites":[{"name":"projects/htlite-c7797/sites/htlite-c7797","defaultUrl":"https://htlite-c7797.web.app","type":"DEFAULT_SITE"}]}
[debug] [2022-07-02T20:43:44.415Z] >>> [apiv2][query] GET https://firebase.googleapis.com/v1beta1/projects/htlite-c7797/webApps/-/config [none]
[debug] [2022-07-02T20:43:45.277Z] <<< [apiv2][status] GET https://firebase.googleapis.com/v1beta1/projects/htlite-c7797/webApps/-/config 200
[debug] [2022-07-02T20:43:45.277Z] <<< [apiv2][body] GET https://firebase.googleapis.com/v1beta1/projects/htlite-c7797/webApps/-/config {"projectId":"htlite-c7797","appId":"1:233530528785:web:ec7312df2e77ac02f38db0","storageBucket":"htlite-c7797.appspot.com","locationId":"europe-west","apiKey":"AIzaSyBzL7cpy_j71IAs9DBAkzVy8jt2tyaPRi8","authDomain":"htlite-c7797.firebaseapp.com","messagingSenderId":"233530528785","measurementId":"G-BV7F6HZQZN"}
[info] i  hosting: Serving hosting files from: src {"metadata":{"emulator":{"name":"hosting"},"message":"Serving hosting files from: \u001b[1msrc\u001b[22m"}}
[info] +  hosting: Local server: http://localhost:5000 {"metadata":{"emulator":{"name":"hosting"},"message":"Local server: \u001b[4m\u001b[1mhttp://localhost:5000\u001b[22m\u001b[24m"}}
[debug] [2022-07-02T20:43:45.295Z] Ignoring unsupported arg: auto_download {"metadata":{"emulator":{"name":"ui"},"message":"Ignoring unsupported arg: auto_download"}}
[debug] [2022-07-02T20:43:45.295Z] Ignoring unsupported arg: port {"metadata":{"emulator":{"name":"ui"},"message":"Ignoring unsupported arg: port"}}
[debug] [2022-07-02T20:43:45.295Z] Starting Emulator UI with command {"binary":"node","args":["--dns-result-order=ipv4first","C:\\Users\\morih\\.cache\\firebase\\emulators\\ui-v1.7.0\\server.bundle.js"],"optionalArgs":[],"joinArgs":false} {"metadata":{"emulator":{"name":"ui"},"message":"Starting Emulator UI with command {\"binary\":\"node\",\"args\":[\"--dns-result-order=ipv4first\",\"C:\\\\Users\\\\morih\\\\.cache\\\\firebase\\\\emulators\\\\ui-v1.7.0\\\\server.bundle.js\"],\"optionalArgs\":[],\"joinArgs\":false}"}}
[info] i  ui: Emulator UI logging to ui-debug.log {"metadata":{"emulator":{"name":"ui"},"message":"Emulator UI logging to \u001b[1mui-debug.log\u001b[22m"}}
[debug] [2022-07-02T20:43:45.406Z] Web / API server started at localhost:4000
 {"metadata":{"emulator":{"name":"ui"},"message":"Web / API server started at localhost:4000\n"}}
[info] i  functions: Watching "C:\coding\websites\htlite\functions" for Cloud Functions... {"metadata":{"emulator":{"name":"functions"},"message":"Watching \"C:\\coding\\websites\\htlite\\functions\" for Cloud Functions..."}}
[debug] [2022-07-02T20:43:45.562Z] Validating nodejs source
[warn] !  functions: package.json indicates an outdated version of firebase-functions. Please upgrade using npm install --save firebase-functions@latest in your functions directory. 
[debug] [2022-07-02T20:43:47.523Z] > [functions] package.json contents: {
  "name": "functions",
  "scripts": {
    "build": "tsc",
    "build:watch": "tsc --watch",
    "serve": "npm run build && firebase emulators:start --only functions",
    "shell": "npm run build && firebase functions:shell",
    "start": "npm run shell",
    "deploy": "firebase deploy --only functions",
    "logs": "firebase functions:log"
  },
  "engines": {
    "node": "16"
  },
  "main": "index.js",
  "dependencies": {
    "cli-progress": "^3.9.1",
    "firebase-admin": "^9.8.0",
    "firebase-functions": "^3.14.1",
    "mysql2": "^2.3.3"
  },
  "devDependencies": {
    "typescript": "^4.6.4"
  },
  "private": true
}
[debug] [2022-07-02T20:43:47.523Z] Building nodejs source
[debug] [2022-07-02T20:43:47.523Z] Analyzing nodejs backend spec
[debug] [2022-07-02T20:43:47.524Z] Could not find functions.yaml. Must use http discovery
[debug] [2022-07-02T20:43:47.707Z] Serving at port 9005

[debug] [2022-07-02T20:43:47.888Z] Got response from /__/functions.yaml {"endpoints":{"generateTest":{"platform":"gcfv1","labels":{},"callableTrigger":{},"entryPoint":"generateTest"},"getLifeSign":{"platform":"gcfv1","labels":{},"callableTrigger":{},"entryPoint":"getLifeSign"}},"specVersion":"v1alpha1","requiredAPIs":[]}
[debug] [2022-07-02T20:43:47.893Z] shutdown requested via /__/quitquitquit

[info] +  functions[us-central1-generateTest]: http function initialized (http://localhost:5001/htlite-c7797/us-central1/generateTest). {"metadata":{"emulator":{"name":"functions"},"message":"\u001b[1mhttp\u001b[22m function initialized (http://localhost:5001/htlite-c7797/us-central1/generateTest)."}}
[info] +  functions[us-central1-getLifeSign]: http function initialized (http://localhost:5001/htlite-c7797/us-central1/getLifeSign). {"metadata":{"emulator":{"name":"functions"},"message":"\u001b[1mhttp\u001b[22m function initialized (http://localhost:5001/htlite-c7797/us-central1/getLifeSign)."}}
[info] 
┌─────────────────────────────────────────────────────────────┐
│ ✔  All emulators ready! It is now safe to connect your app. │
│ i  View Emulator UI at http://localhost:4000                │
└─────────────────────────────────────────────────────────────┘

┌────────────────┬────────────────┬─────────────────────────────────┐
│ Emulator       │ Host:Port      │ View in Emulator UI             │
├────────────────┼────────────────┼─────────────────────────────────┤
│ Authentication │ localhost:9099 │ http://localhost:4000/auth      │
├────────────────┼────────────────┼─────────────────────────────────┤
│ Functions      │ localhost:5001 │ http://localhost:4000/functions │
├────────────────┼────────────────┼─────────────────────────────────┤
│ Firestore      │ localhost:8080 │ http://localhost:4000/firestore │
├────────────────┼────────────────┼─────────────────────────────────┤
│ Hosting        │ localhost:5000 │ n/a                             │
└────────────────┴────────────────┴─────────────────────────────────┘
  Emulator Hub running at localhost:4400
  Other reserved ports: 4500

Issues? Report them at https://github.com/firebase/firebase-tools/issues and attach the *-debug.log files.
 
[debug] [2022-07-02T20:44:25.429Z] >>> [apiv2][query] POST http://localhost:5001/functions/projects/htlite-c7797/trigger_multicast [none]
[debug] [2022-07-02T20:44:25.429Z] >>> [apiv2][body] POST http://localhost:5001/functions/projects/htlite-c7797/trigger_multicast {"eventId":"655ba890-6778-4fd5-83ce-34fae1b1b2a2","eventType":"providers/firebase.auth/eventTypes/user.create","resource":{"name":"projects/htlite-c7797","service":"firebaseauth.googleapis.com"},"params":{},"timestamp":"2022-07-02T20:44:25.429Z","data":{"uid":"nX5Wl3Jo97W80eFRsy6NjNGuQ8ur","email":"grass.orange.1@example.com","emailVerified":true,"displayName":"Grass Orange","metadata":{"lastSignInTime":"2022-07-02T20:44:25.428Z"},"customClaims":{},"providerData":[{"providerId":"google.com","rawId":"9205466319491866526487096787492295944259","federatedId":"9205466319491866526487096787492295944259","displayName":"Grass Orange","email":"grass.orange.1@example.com","screenName":"orange_grass"}]}}
[debug] [2022-07-02T20:44:25.435Z] <<< [apiv2][status] POST http://localhost:5001/functions/projects/htlite-c7797/trigger_multicast 200
[debug] [2022-07-02T20:44:25.435Z] <<< [apiv2][body] POST http://localhost:5001/functions/projects/htlite-c7797/trigger_multicast {"status":"multicast_acknowledged"}
[debug] [2022-07-02T20:44:25.759Z] [work-queue] {"queueLength":1,"workRunningCount":0}
[debug] [2022-07-02T20:44:25.759Z] [work-queue] {"queueLength":0,"workRunningCount":1}
[debug] [2022-07-02T20:44:25.759Z] Accepted request OPTIONS /htlite-c7797/us-central1/generateTest --> us-central1-generateTest
[debug] [2022-07-02T20:44:25.765Z] [worker-pool] addWorker(us-central1-generateTest) {"metadata":{"emulator":{"name":"functions"},"message":"[worker-pool] addWorker(us-central1-generateTest)"}}
[debug] [2022-07-02T20:44:25.765Z] [worker-pool] Adding worker with key us-central1-generateTest, total=1 {"metadata":{"emulator":{"name":"functions"},"message":"[worker-pool] Adding worker with key us-central1-generateTest, total=1"}}
[debug] [2022-07-02T20:44:25.766Z] [worker-pool] submitWork(triggerId=us-central1-generateTest) {"metadata":{"emulator":{"name":"functions"},"message":"[worker-pool] submitWork(triggerId=us-central1-generateTest)"}}
[debug] [2022-07-02T20:44:25.766Z] [worker-us-central1-generateTest-20a7e4dd-e054-449b-aee6-ad1521114561]: Assigning socketPath: \\?\pipe\C:\coding\websites\htlite\functions\15308 {"metadata":{"emulator":{"name":"functions"},"message":"[worker-us-central1-generateTest-20a7e4dd-e054-449b-aee6-ad1521114561]: Assigning socketPath: \\\\?\\pipe\\C:\\coding\\websites\\htlite\\functions\\15308"}}
[debug] [2022-07-02T20:44:25.766Z] [worker-us-central1-generateTest-20a7e4dd-e054-449b-aee6-ad1521114561]: BUSY {"metadata":{"emulator":{"name":"functions"},"message":"[worker-us-central1-generateTest-20a7e4dd-e054-449b-aee6-ad1521114561]: BUSY"}}
[debug] [2022-07-02T20:44:25.774Z] [work-queue] {"queueLength":1,"workRunningCount":1}
[debug] [2022-07-02T20:44:25.774Z] [work-queue] {"queueLength":0,"workRunningCount":2}
[debug] [2022-07-02T20:44:25.774Z] Accepted request OPTIONS /htlite-c7797/us-central1/generateTest --> us-central1-generateTest
[debug] [2022-07-02T20:44:25.780Z] [worker-pool] addWorker(us-central1-generateTest) {"metadata":{"emulator":{"name":"functions"},"message":"[worker-pool] addWorker(us-central1-generateTest)"}}
[debug] [2022-07-02T20:44:25.780Z] [worker-pool] Adding worker with key us-central1-generateTest, total=2 {"metadata":{"emulator":{"name":"functions"},"message":"[worker-pool] Adding worker with key us-central1-generateTest, total=2"}}
[debug] [2022-07-02T20:44:25.780Z] [worker-pool] submitWork(triggerId=us-central1-generateTest) {"metadata":{"emulator":{"name":"functions"},"message":"[worker-pool] submitWork(triggerId=us-central1-generateTest)"}}
[debug] [2022-07-02T20:44:25.780Z] [worker-us-central1-generateTest-31d88236-0315-4d78-9385-24db3488b6ce]: Assigning socketPath: \\?\pipe\C:\coding\websites\htlite\functions\6432 {"metadata":{"emulator":{"name":"functions"},"message":"[worker-us-central1-generateTest-31d88236-0315-4d78-9385-24db3488b6ce]: Assigning socketPath: \\\\?\\pipe\\C:\\coding\\websites\\htlite\\functions\\6432"}}
[debug] [2022-07-02T20:44:25.780Z] [worker-us-central1-generateTest-31d88236-0315-4d78-9385-24db3488b6ce]: BUSY {"metadata":{"emulator":{"name":"functions"},"message":"[worker-us-central1-generateTest-31d88236-0315-4d78-9385-24db3488b6ce]: BUSY"}}
[debug] [2022-07-02T20:44:26.775Z] [runtime-status] [15308] Functions runtime initialized. {"cwd":"C:\\coding\\websites\\htlite\\functions","node_version":"16.15.0"} {"metadata":{"emulator":{"name":"functions"},"function":{"name":"us-central1-generateTest"},"extension":{},"message":"[runtime-status] [15308] Functions runtime initialized. {\"cwd\":\"C:\\\\coding\\\\websites\\\\htlite\\\\functions\",\"node_version\":\"16.15.0\"}"}}
[debug] [2022-07-02T20:44:26.776Z] [runtime-status] [15308] Disabled runtime features: undefined {"metadata":{"emulator":{"name":"functions"},"function":{"name":"us-central1-generateTest"},"extension":{},"message":"[runtime-status] [15308] Disabled runtime features: undefined"}}
[debug] [2022-07-02T20:44:26.778Z] [runtime-status] [15308] Resolved module firebase-admin {"declared":true,"installed":true,"version":"9.12.0","resolution":"C:\\coding\\websites\\htlite\\functions\\node_modules\\firebase-admin\\lib\\index.js"} {"metadata":{"emulator":{"name":"functions"},"function":{"name":"us-central1-generateTest"},"extension":{},"message":"[runtime-status] [15308] Resolved module firebase-admin {\"declared\":true,\"installed\":true,\"version\":\"9.12.0\",\"resolution\":\"C:\\\\coding\\\\websites\\\\htlite\\\\functions\\\\node_modules\\\\firebase-admin\\\\lib\\\\index.js\"}"}}
[debug] [2022-07-02T20:44:26.779Z] [runtime-status] [15308] Resolved module firebase-functions {"declared":true,"installed":true,"version":"3.21.0","resolution":"C:\\coding\\websites\\htlite\\functions\\node_modules\\firebase-functions\\lib\\index.js"} {"metadata":{"emulator":{"name":"functions"},"function":{"name":"us-central1-generateTest"},"extension":{},"message":"[runtime-status] [15308] Resolved module firebase-functions {\"declared\":true,\"installed\":true,\"version\":\"3.21.0\",\"resolution\":\"C:\\\\coding\\\\websites\\\\htlite\\\\functions\\\\node_modules\\\\firebase-functions\\\\lib\\\\index.js\"}"}}
[debug] [2022-07-02T20:44:26.780Z] [runtime-status] [15308] Outgoing network have been stubbed. [{"name":"http","status":"mocked"},{"name":"http","status":"mocked"},{"name":"https","status":"mocked"},{"name":"https","status":"mocked"},{"name":"net","status":"mocked"}] {"metadata":{"emulator":{"name":"functions"},"function":{"name":"us-central1-generateTest"},"extension":{},"message":"[runtime-status] [15308] Outgoing network have been stubbed. [{\"name\":\"http\",\"status\":\"mocked\"},{\"name\":\"http\",\"status\":\"mocked\"},{\"name\":\"https\",\"status\":\"mocked\"},{\"name\":\"https\",\"status\":\"mocked\"},{\"name\":\"net\",\"status\":\"mocked\"}]"}}
[debug] [2022-07-02T20:44:26.780Z] [runtime-status] [15308] Resolved module firebase-functions {"declared":true,"installed":true,"version":"3.21.0","resolution":"C:\\coding\\websites\\htlite\\functions\\node_modules\\firebase-functions\\lib\\index.js"} {"metadata":{"emulator":{"name":"functions"},"function":{"name":"us-central1-generateTest"},"extension":{},"message":"[runtime-status] [15308] Resolved module firebase-functions {\"declared\":true,\"installed\":true,\"version\":\"3.21.0\",\"resolution\":\"C:\\\\coding\\\\websites\\\\htlite\\\\functions\\\\node_modules\\\\firebase-functions\\\\lib\\\\index.js\"}"}}
[debug] [2022-07-02T20:44:26.791Z] [runtime-status] [6432] Functions runtime initialized. {"cwd":"C:\\coding\\websites\\htlite\\functions","node_version":"16.15.0"} {"metadata":{"emulator":{"name":"functions"},"function":{"name":"us-central1-generateTest"},"extension":{},"message":"[runtime-status] [6432] Functions runtime initialized. {\"cwd\":\"C:\\\\coding\\\\websites\\\\htlite\\\\functions\",\"node_version\":\"16.15.0\"}"}}
[debug] [2022-07-02T20:44:26.792Z] [runtime-status] [6432] Disabled runtime features: undefined {"metadata":{"emulator":{"name":"functions"},"function":{"name":"us-central1-generateTest"},"extension":{},"message":"[runtime-status] [6432] Disabled runtime features: undefined"}}
[debug] [2022-07-02T20:44:26.794Z] [runtime-status] [6432] Resolved module firebase-admin {"declared":true,"installed":true,"version":"9.12.0","resolution":"C:\\coding\\websites\\htlite\\functions\\node_modules\\firebase-admin\\lib\\index.js"} {"metadata":{"emulator":{"name":"functions"},"function":{"name":"us-central1-generateTest"},"extension":{},"message":"[runtime-status] [6432] Resolved module firebase-admin {\"declared\":true,\"installed\":true,\"version\":\"9.12.0\",\"resolution\":\"C:\\\\coding\\\\websites\\\\htlite\\\\functions\\\\node_modules\\\\firebase-admin\\\\lib\\\\index.js\"}"}}
[debug] [2022-07-02T20:44:26.797Z] [runtime-status] [6432] Resolved module firebase-functions {"declared":true,"installed":true,"version":"3.21.0","resolution":"C:\\coding\\websites\\htlite\\functions\\node_modules\\firebase-functions\\lib\\index.js"} {"metadata":{"emulator":{"name":"functions"},"function":{"name":"us-central1-generateTest"},"extension":{},"message":"[runtime-status] [6432] Resolved module firebase-functions {\"declared\":true,\"installed\":true,\"version\":\"3.21.0\",\"resolution\":\"C:\\\\coding\\\\websites\\\\htlite\\\\functions\\\\node_modules\\\\firebase-functions\\\\lib\\\\index.js\"}"}}
[debug] [2022-07-02T20:44:26.798Z] [runtime-status] [6432] Outgoing network have been stubbed. [{"name":"http","status":"mocked"},{"name":"http","status":"mocked"},{"name":"https","status":"mocked"},{"name":"https","status":"mocked"},{"name":"net","status":"mocked"}] {"metadata":{"emulator":{"name":"functions"},"function":{"name":"us-central1-generateTest"},"extension":{},"message":"[runtime-status] [6432] Outgoing network have been stubbed. [{\"name\":\"http\",\"status\":\"mocked\"},{\"name\":\"http\",\"status\":\"mocked\"},{\"name\":\"https\",\"status\":\"mocked\"},{\"name\":\"https\",\"status\":\"mocked\"},{\"name\":\"net\",\"status\":\"mocked\"}]"}}
[debug] [2022-07-02T20:44:26.798Z] [runtime-status] [6432] Resolved module firebase-functions {"declared":true,"installed":true,"version":"3.21.0","resolution":"C:\\coding\\websites\\htlite\\functions\\node_modules\\firebase-functions\\lib\\index.js"} {"metadata":{"emulator":{"name":"functions"},"function":{"name":"us-central1-generateTest"},"extension":{},"message":"[runtime-status] [6432] Resolved module firebase-functions {\"declared\":true,\"installed\":true,\"version\":\"3.21.0\",\"resolution\":\"C:\\\\coding\\\\websites\\\\htlite\\\\functions\\\\node_modules\\\\firebase-functions\\\\lib\\\\index.js\"}"}}
[debug] [2022-07-02T20:44:26.817Z] [runtime-status] [15308] Checked functions.config() {"config":{}} {"metadata":{"emulator":{"name":"functions"},"function":{"name":"us-central1-generateTest"},"extension":{},"message":"[runtime-status] [15308] Checked functions.config() {\"config\":{}}"}}
[debug] [2022-07-02T20:44:26.818Z] [runtime-status] [15308] firebase-functions has been stubbed. {"functionsResolution":{"declared":true,"installed":true,"version":"3.21.0","resolution":"C:\\coding\\websites\\htlite\\functions\\node_modules\\firebase-functions\\lib\\index.js"}} {"metadata":{"emulator":{"name":"functions"},"function":{"name":"us-central1-generateTest"},"extension":{},"message":"[runtime-status] [15308] firebase-functions has been stubbed. {\"functionsResolution\":{\"declared\":true,\"installed\":true,\"version\":\"3.21.0\",\"resolution\":\"C:\\\\coding\\\\websites\\\\htlite\\\\functions\\\\node_modules\\\\firebase-functions\\\\lib\\\\index.js\"}}"}}
[debug] [2022-07-02T20:44:26.818Z] [runtime-status] [15308] Resolved module firebase-functions {"declared":true,"installed":true,"version":"3.21.0","resolution":"C:\\coding\\websites\\htlite\\functions\\node_modules\\firebase-functions\\lib\\index.js"} {"metadata":{"emulator":{"name":"functions"},"function":{"name":"us-central1-generateTest"},"extension":{},"message":"[runtime-status] [15308] Resolved module firebase-functions {\"declared\":true,\"installed\":true,\"version\":\"3.21.0\",\"resolution\":\"C:\\\\coding\\\\websites\\\\htlite\\\\functions\\\\node_modules\\\\firebase-functions\\\\lib\\\\index.js\"}"}}
[debug] [2022-07-02T20:44:26.819Z] [runtime-status] [15308] Resolved module firebase-admin {"declared":true,"installed":true,"version":"9.12.0","resolution":"C:\\coding\\websites\\htlite\\functions\\node_modules\\firebase-admin\\lib\\index.js"} {"metadata":{"emulator":{"name":"functions"},"function":{"name":"us-central1-generateTest"},"extension":{},"message":"[runtime-status] [15308] Resolved module firebase-admin {\"declared\":true,\"installed\":true,\"version\":\"9.12.0\",\"resolution\":\"C:\\\\coding\\\\websites\\\\htlite\\\\functions\\\\node_modules\\\\firebase-admin\\\\lib\\\\index.js\"}"}}
[debug] [2022-07-02T20:44:26.820Z] [runtime-status] [15308] Resolved module firebase-functions {"declared":true,"installed":true,"version":"3.21.0","resolution":"C:\\coding\\websites\\htlite\\functions\\node_modules\\firebase-functions\\lib\\index.js"} {"metadata":{"emulator":{"name":"functions"},"function":{"name":"us-central1-generateTest"},"extension":{},"message":"[runtime-status] [15308] Resolved module firebase-functions {\"declared\":true,\"installed\":true,\"version\":\"3.21.0\",\"resolution\":\"C:\\\\coding\\\\websites\\\\htlite\\\\functions\\\\node_modules\\\\firebase-functions\\\\lib\\\\index.js\"}"}}
[debug] [2022-07-02T20:44:26.820Z] [runtime-status] [15308] firebase-admin has been stubbed. {"adminResolution":{"declared":true,"installed":true,"version":"9.12.0","resolution":"C:\\coding\\websites\\htlite\\functions\\node_modules\\firebase-admin\\lib\\index.js"}} {"metadata":{"emulator":{"name":"functions"},"function":{"name":"us-central1-generateTest"},"extension":{},"message":"[runtime-status] [15308] firebase-admin has been stubbed. {\"adminResolution\":{\"declared\":true,\"installed\":true,\"version\":\"9.12.0\",\"resolution\":\"C:\\\\coding\\\\websites\\\\htlite\\\\functions\\\\node_modules\\\\firebase-admin\\\\lib\\\\index.js\"}}"}}
[debug] [2022-07-02T20:44:26.822Z] [runtime-status] [15308] initializeApp(DEFAULT) {"storageBucket":"htlite-c7797.appspot.com","projectId":"htlite-c7797"} {"metadata":{"emulator":{"name":"functions"},"function":{"name":"us-central1-generateTest"},"extension":{},"message":"[runtime-status] [15308] initializeApp(DEFAULT) {\"storageBucket\":\"htlite-c7797.appspot.com\",\"projectId\":\"htlite-c7797\"}"}}
[debug] [2022-07-02T20:44:26.833Z] [runtime-status] [6432] Checked functions.config() {"config":{}} {"metadata":{"emulator":{"name":"functions"},"function":{"name":"us-central1-generateTest"},"extension":{},"message":"[runtime-status] [6432] Checked functions.config() {\"config\":{}}"}}
[debug] [2022-07-02T20:44:26.833Z] [runtime-status] [6432] firebase-functions has been stubbed. {"functionsResolution":{"declared":true,"installed":true,"version":"3.21.0","resolution":"C:\\coding\\websites\\htlite\\functions\\node_modules\\firebase-functions\\lib\\index.js"}} {"metadata":{"emulator":{"name":"functions"},"function":{"name":"us-central1-generateTest"},"extension":{},"message":"[runtime-status] [6432] firebase-functions has been stubbed. {\"functionsResolution\":{\"declared\":true,\"installed\":true,\"version\":\"3.21.0\",\"resolution\":\"C:\\\\coding\\\\websites\\\\htlite\\\\functions\\\\node_modules\\\\firebase-functions\\\\lib\\\\index.js\"}}"}}
[debug] [2022-07-02T20:44:26.834Z] [runtime-status] [6432] Resolved module firebase-functions {"declared":true,"installed":true,"version":"3.21.0","resolution":"C:\\coding\\websites\\htlite\\functions\\node_modules\\firebase-functions\\lib\\index.js"} {"metadata":{"emulator":{"name":"functions"},"function":{"name":"us-central1-generateTest"},"extension":{},"message":"[runtime-status] [6432] Resolved module firebase-functions {\"declared\":true,\"installed\":true,\"version\":\"3.21.0\",\"resolution\":\"C:\\\\coding\\\\websites\\\\htlite\\\\functions\\\\node_modules\\\\firebase-functions\\\\lib\\\\index.js\"}"}}
[debug] [2022-07-02T20:44:26.834Z] [runtime-status] [6432] Resolved module firebase-admin {"declared":true,"installed":true,"version":"9.12.0","resolution":"C:\\coding\\websites\\htlite\\functions\\node_modules\\firebase-admin\\lib\\index.js"} {"metadata":{"emulator":{"name":"functions"},"function":{"name":"us-central1-generateTest"},"extension":{},"message":"[runtime-status] [6432] Resolved module firebase-admin {\"declared\":true,\"installed\":true,\"version\":\"9.12.0\",\"resolution\":\"C:\\\\coding\\\\websites\\\\htlite\\\\functions\\\\node_modules\\\\firebase-admin\\\\lib\\\\index.js\"}"}}
[debug] [2022-07-02T20:44:26.835Z] [runtime-status] [6432] Resolved module firebase-functions {"declared":true,"installed":true,"version":"3.21.0","resolution":"C:\\coding\\websites\\htlite\\functions\\node_modules\\firebase-functions\\lib\\index.js"} {"metadata":{"emulator":{"name":"functions"},"function":{"name":"us-central1-generateTest"},"extension":{},"message":"[runtime-status] [6432] Resolved module firebase-functions {\"declared\":true,\"installed\":true,\"version\":\"3.21.0\",\"resolution\":\"C:\\\\coding\\\\websites\\\\htlite\\\\functions\\\\node_modules\\\\firebase-functions\\\\lib\\\\index.js\"}"}}
[debug] [2022-07-02T20:44:26.835Z] [runtime-status] [6432] firebase-admin has been stubbed. {"adminResolution":{"declared":true,"installed":true,"version":"9.12.0","resolution":"C:\\coding\\websites\\htlite\\functions\\node_modules\\firebase-admin\\lib\\index.js"}} {"metadata":{"emulator":{"name":"functions"},"function":{"name":"us-central1-generateTest"},"extension":{},"message":"[runtime-status] [6432] firebase-admin has been stubbed. {\"adminResolution\":{\"declared\":true,\"installed\":true,\"version\":\"9.12.0\",\"resolution\":\"C:\\\\coding\\\\websites\\\\htlite\\\\functions\\\\node_modules\\\\firebase-admin\\\\lib\\\\index.js\"}}"}}
[debug] [2022-07-02T20:44:26.837Z] [runtime-status] [6432] initializeApp(DEFAULT) {"storageBucket":"htlite-c7797.appspot.com","projectId":"htlite-c7797"} {"metadata":{"emulator":{"name":"functions"},"function":{"name":"us-central1-generateTest"},"extension":{},"message":"[runtime-status] [6432] initializeApp(DEFAULT) {\"storageBucket\":\"htlite-c7797.appspot.com\",\"projectId\":\"htlite-c7797\"}"}}
[debug] [2022-07-02T20:44:26.928Z] [runtime-status] [15308] Beginning invocation function generateTest! {"metadata":{"emulator":{"name":"functions"},"function":{"name":"us-central1-generateTest"},"extension":{},"message":"[runtime-status] [15308] Beginning invocation function generateTest!"}}
[info] i  functions: Beginning execution of "generateTest" {"metadata":{"emulator":{"name":"functions"},"function":{"name":"us-central1-generateTest"},"extension":{},"message":"Beginning execution of \"generateTest\""}}
[debug] [2022-07-02T20:44:26.929Z] [runtime-status] [15308] Running generateTest in signature http {"metadata":{"emulator":{"name":"functions"},"function":{"name":"us-central1-generateTest"},"extension":{},"message":"[runtime-status] [15308] Running generateTest in signature http"}}
[debug] [2022-07-02T20:44:26.931Z] [runtime-status] [15308] Attempting to listen to socketPath: \\?\pipe\C:\coding\websites\htlite\functions\15308 {"metadata":{"emulator":{"name":"functions"},"function":{"name":"us-central1-generateTest"},"extension":{},"message":"[runtime-status] [15308] Attempting to listen to socketPath: \\\\?\\pipe\\C:\\coding\\websites\\htlite\\functions\\15308"}}
[debug] [2022-07-02T20:44:26.934Z] [functions] Runtime ready! Sending request! {"metadata":{"emulator":{"name":"functions"},"message":"[functions] Runtime ready! Sending request!"}}
[debug] [2022-07-02T20:44:26.935Z] [functions] Got req.url=/htlite-c7797/us-central1/generateTest, mapping to path=/ {"metadata":{"emulator":{"name":"functions"},"message":"[functions] Got req.url=/htlite-c7797/us-central1/generateTest, mapping to path=/"}}
[debug] [2022-07-02T20:44:26.941Z] [runtime-status] [15308] Ephemeral server handling OPTIONS request {"metadata":{"emulator":{"name":"functions"},"function":{"name":"us-central1-generateTest"},"extension":{},"message":"[runtime-status] [15308] Ephemeral server handling OPTIONS request"}}
[debug] [2022-07-02T20:44:26.944Z] [work-queue] {"queueLength":1,"workRunningCount":2}
[debug] [2022-07-02T20:44:26.944Z] [work-queue] {"queueLength":0,"workRunningCount":3}
[debug] [2022-07-02T20:44:26.944Z] Accepted request POST /htlite-c7797/us-central1/generateTest --> us-central1-generateTest
[debug] [2022-07-02T20:44:26.945Z] ID Token: eyJhbGciOiJub25lIiwidHlwIjoiSldUIn0.eyJuYW1lIjoiR3Jhc3MgT3JhbmdlIiwiZW1haWwiOiJncmFzcy5vcmFuZ2UuMUBleGFtcGxlLmNvbSIsImVtYWlsX3ZlcmlmaWVkIjp0cnVlLCJhdXRoX3RpbWUiOjE2NTY3OTQ2NjUsInVzZXJfaWQiOiJuWDVXbDNKbzk3VzgwZUZSc3k2TmpOR3VROHVyIiwiZmlyZWJhc2UiOnsiaWRlbnRpdGllcyI6eyJlbWFpbCI6WyJncmFzcy5vcmFuZ2UuMUBleGFtcGxlLmNvbSJdLCJnb29nbGUuY29tIjpbIjkyMDU0NjYzMTk0OTE4NjY1MjY0ODcwOTY3ODc0OTIyOTU5NDQyNTkiXX0sInNpZ25faW5fcHJvdmlkZXIiOiJnb29nbGUuY29tIn0sImlhdCI6MTY1Njc5NDY2NSwiZXhwIjoxNjU2Nzk4MjY1LCJhdWQiOiJodGxpdGUtYzc3OTciLCJpc3MiOiJodHRwczovL3NlY3VyZXRva2VuLmdvb2dsZS5jb20vaHRsaXRlLWM3Nzk3Iiwic3ViIjoiblg1V2wzSm85N1c4MGVGUnN5Nk5qTkd1UTh1ciJ9.
[debug] [2022-07-02T20:44:26.950Z] [worker-pool] addWorker(us-central1-generateTest) {"metadata":{"emulator":{"name":"functions"},"message":"[worker-pool] addWorker(us-central1-generateTest)"}}
[debug] [2022-07-02T20:44:26.950Z] [worker-pool] Adding worker with key us-central1-generateTest, total=3 {"metadata":{"emulator":{"name":"functions"},"message":"[worker-pool] Adding worker with key us-central1-generateTest, total=3"}}
[debug] [2022-07-02T20:44:26.950Z] [worker-pool] submitWork(triggerId=us-central1-generateTest) {"metadata":{"emulator":{"name":"functions"},"message":"[worker-pool] submitWork(triggerId=us-central1-generateTest)"}}
[debug] [2022-07-02T20:44:26.950Z] [worker-us-central1-generateTest-139ccc90-04a2-4eee-9bee-c3bed309983b]: Assigning socketPath: \\?\pipe\C:\coding\websites\htlite\functions\30784 {"metadata":{"emulator":{"name":"functions"},"message":"[worker-us-central1-generateTest-139ccc90-04a2-4eee-9bee-c3bed309983b]: Assigning socketPath: \\\\?\\pipe\\C:\\coding\\websites\\htlite\\functions\\30784"}}
[debug] [2022-07-02T20:44:26.950Z] [worker-us-central1-generateTest-139ccc90-04a2-4eee-9bee-c3bed309983b]: BUSY {"metadata":{"emulator":{"name":"functions"},"message":"[worker-us-central1-generateTest-139ccc90-04a2-4eee-9bee-c3bed309983b]: BUSY"}}
[debug] [2022-07-02T20:44:26.951Z] [runtime-status] [6432] Beginning invocation function generateTest! {"metadata":{"emulator":{"name":"functions"},"function":{"name":"us-central1-generateTest"},"extension":{},"message":"[runtime-status] [6432] Beginning invocation function generateTest!"}}
[info] i  functions: Beginning execution of "generateTest" {"metadata":{"emulator":{"name":"functions"},"function":{"name":"us-central1-generateTest"},"extension":{},"message":"Beginning execution of \"generateTest\""}}
[debug] [2022-07-02T20:44:26.952Z] [runtime-status] [6432] Running generateTest in signature http {"metadata":{"emulator":{"name":"functions"},"function":{"name":"us-central1-generateTest"},"extension":{},"message":"[runtime-status] [6432] Running generateTest in signature http"}}
[debug] [2022-07-02T20:44:26.952Z] [runtime-status] [6432] Attempting to listen to socketPath: \\?\pipe\C:\coding\websites\htlite\functions\6432 {"metadata":{"emulator":{"name":"functions"},"function":{"name":"us-central1-generateTest"},"extension":{},"message":"[runtime-status] [6432] Attempting to listen to socketPath: \\\\?\\pipe\\C:\\coding\\websites\\htlite\\functions\\6432"}}
[debug] [2022-07-02T20:44:26.952Z] [runtime-status] [15308] Ephemeral server survived. {"metadata":{"emulator":{"name":"functions"},"function":{"name":"us-central1-generateTest"},"extension":{},"message":"[runtime-status] [15308] Ephemeral server survived."}}
[info] i  functions: Finished "generateTest" in ~1s {"metadata":{"emulator":{"name":"functions"},"function":{"name":"us-central1-generateTest"},"extension":{},"message":"Finished \"generateTest\" in ~1s"}}
[debug] [2022-07-02T20:44:26.954Z] [worker-us-central1-generateTest-20a7e4dd-e054-449b-aee6-ad1521114561]: IDLE {"metadata":{"emulator":{"name":"functions"},"message":"[worker-us-central1-generateTest-20a7e4dd-e054-449b-aee6-ad1521114561]: IDLE"}}
[debug] [2022-07-02T20:44:26.955Z] [work-queue] {"queueLength":0,"workRunningCount":2}
[debug] [2022-07-02T20:44:26.956Z] [functions] Runtime ready! Sending request! {"metadata":{"emulator":{"name":"functions"},"message":"[functions] Runtime ready! Sending request!"}}
[debug] [2022-07-02T20:44:26.956Z] [functions] Got req.url=/htlite-c7797/us-central1/generateTest, mapping to path=/ {"metadata":{"emulator":{"name":"functions"},"message":"[functions] Got req.url=/htlite-c7797/us-central1/generateTest, mapping to path=/"}}
[debug] [2022-07-02T20:44:26.964Z] [runtime-status] [6432] Ephemeral server handling OPTIONS request {"metadata":{"emulator":{"name":"functions"},"function":{"name":"us-central1-generateTest"},"extension":{},"message":"[runtime-status] [6432] Ephemeral server handling OPTIONS request"}}
[debug] [2022-07-02T20:44:26.971Z] [work-queue] {"queueLength":1,"workRunningCount":2}
[debug] [2022-07-02T20:44:26.971Z] [work-queue] {"queueLength":0,"workRunningCount":3}
[debug] [2022-07-02T20:44:26.971Z] Accepted request POST /htlite-c7797/us-central1/generateTest --> us-central1-generateTest
[debug] [2022-07-02T20:44:26.971Z] ID Token: eyJhbGciOiJub25lIiwidHlwIjoiSldUIn0.eyJuYW1lIjoiR3Jhc3MgT3JhbmdlIiwiZW1haWwiOiJncmFzcy5vcmFuZ2UuMUBleGFtcGxlLmNvbSIsImVtYWlsX3ZlcmlmaWVkIjp0cnVlLCJhdXRoX3RpbWUiOjE2NTY3OTQ2NjUsInVzZXJfaWQiOiJuWDVXbDNKbzk3VzgwZUZSc3k2TmpOR3VROHVyIiwiZmlyZWJhc2UiOnsiaWRlbnRpdGllcyI6eyJlbWFpbCI6WyJncmFzcy5vcmFuZ2UuMUBleGFtcGxlLmNvbSJdLCJnb29nbGUuY29tIjpbIjkyMDU0NjYzMTk0OTE4NjY1MjY0ODcwOTY3ODc0OTIyOTU5NDQyNTkiXX0sInNpZ25faW5fcHJvdmlkZXIiOiJnb29nbGUuY29tIn0sImlhdCI6MTY1Njc5NDY2NSwiZXhwIjoxNjU2Nzk4MjY1LCJhdWQiOiJodGxpdGUtYzc3OTciLCJpc3MiOiJodHRwczovL3NlY3VyZXRva2VuLmdvb2dsZS5jb20vaHRsaXRlLWM3Nzk3Iiwic3ViIjoiblg1V2wzSm85N1c4MGVGUnN5Nk5qTkd1UTh1ciJ9.
[debug] [2022-07-02T20:44:26.971Z] [worker-pool] submitWork(triggerId=us-central1-generateTest) {"metadata":{"emulator":{"name":"functions"},"message":"[worker-pool] submitWork(triggerId=us-central1-generateTest)"}}
[debug] [2022-07-02T20:44:26.972Z] [worker-us-central1-generateTest-20a7e4dd-e054-449b-aee6-ad1521114561]: Assigning socketPath: \\?\pipe\C:\coding\websites\htlite\functions\15308 {"metadata":{"emulator":{"name":"functions"},"message":"[worker-us-central1-generateTest-20a7e4dd-e054-449b-aee6-ad1521114561]: Assigning socketPath: \\\\?\\pipe\\C:\\coding\\websites\\htlite\\functions\\15308"}}
[debug] [2022-07-02T20:44:26.972Z] [worker-us-central1-generateTest-20a7e4dd-e054-449b-aee6-ad1521114561]: BUSY {"metadata":{"emulator":{"name":"functions"},"message":"[worker-us-central1-generateTest-20a7e4dd-e054-449b-aee6-ad1521114561]: BUSY"}}
[debug] [2022-07-02T20:44:26.972Z] [runtime-status] [6432] Ephemeral server survived. {"metadata":{"emulator":{"name":"functions"},"function":{"name":"us-central1-generateTest"},"extension":{},"message":"[runtime-status] [6432] Ephemeral server survived."}}
[debug] [2022-07-02T20:44:26.973Z] [runtime-status] [15308] Beginning invocation function generateTest! {"metadata":{"emulator":{"name":"functions"},"function":{"name":"us-central1-generateTest"},"extension":{},"message":"[runtime-status] [15308] Beginning invocation function generateTest!"}}
[info] i  functions: Beginning execution of "generateTest" {"metadata":{"emulator":{"name":"functions"},"function":{"name":"us-central1-generateTest"},"extension":{},"message":"Beginning execution of \"generateTest\""}}
[debug] [2022-07-02T20:44:26.974Z] [runtime-status] [15308] Running generateTest in signature http {"metadata":{"emulator":{"name":"functions"},"function":{"name":"us-central1-generateTest"},"extension":{},"message":"[runtime-status] [15308] Running generateTest in signature http"}}
[debug] [2022-07-02T20:44:26.974Z] [runtime-status] [15308] Attempting to listen to socketPath: \\?\pipe\C:\coding\websites\htlite\functions\15308 {"metadata":{"emulator":{"name":"functions"},"function":{"name":"us-central1-generateTest"},"extension":{},"message":"[runtime-status] [15308] Attempting to listen to socketPath: \\\\?\\pipe\\C:\\coding\\websites\\htlite\\functions\\15308"}}
[debug] [2022-07-02T20:44:26.974Z] [functions] Runtime ready! Sending request! {"metadata":{"emulator":{"name":"functions"},"message":"[functions] Runtime ready! Sending request!"}}
[debug] [2022-07-02T20:44:26.975Z] [functions] Got req.url=/htlite-c7797/us-central1/generateTest, mapping to path=/ {"metadata":{"emulator":{"name":"functions"},"message":"[functions] Got req.url=/htlite-c7797/us-central1/generateTest, mapping to path=/"}}
[info] i  functions: Finished "generateTest" in ~1s {"metadata":{"emulator":{"name":"functions"},"function":{"name":"us-central1-generateTest"},"extension":{},"message":"Finished \"generateTest\" in ~1s"}}
[debug] [2022-07-02T20:44:26.978Z] [worker-us-central1-generateTest-31d88236-0315-4d78-9385-24db3488b6ce]: IDLE {"metadata":{"emulator":{"name":"functions"},"message":"[worker-us-central1-generateTest-31d88236-0315-4d78-9385-24db3488b6ce]: IDLE"}}
[debug] [2022-07-02T20:44:26.978Z] [work-queue] {"queueLength":0,"workRunningCount":2}
[debug] [2022-07-02T20:44:26.985Z] [runtime-status] [15308] Ephemeral server handling POST request {"metadata":{"emulator":{"name":"functions"},"function":{"name":"us-central1-generateTest"},"extension":{},"message":"[runtime-status] [15308] Ephemeral server handling POST request"}}
[info] >  {"verifications":{"app":"MISSING","auth":"MISSING"},"logging.googleapis.com/labels":{"firebase-log-type":"callable-request-verification"},"severity":"INFO","message":"Callable request verification passed"} {"user":{"verifications":{"app":"MISSING","auth":"MISSING"},"logging.googleapis.com/labels":{"firebase-log-type":"callable-request-verification"},"severity":"INFO","message":"Callable request verification passed"},"metadata":{"emulator":{"name":"functions"},"function":{"name":"us-central1-generateTest"},"extension":{},"message":"\u001b[90m> \u001b[39m {\"verifications\":{\"app\":\"MISSING\",\"auth\":\"MISSING\"},\"logging.googleapis.com/labels\":{\"firebase-log-type\":\"callable-request-verification\"},\"severity\":\"INFO\",\"message\":\"Callable request verification passed\"}"}}
[debug] [2022-07-02T20:44:26.988Z] [runtime-status] [15308] Callable functions auth override {"key":"x-callable-context-auth","value":"%7B%22uid%22%3A%22nX5Wl3Jo97W80eFRsy6NjNGuQ8ur%22%2C%22token%22%3A%7B%22name%22%3A%22Grass%20Orange%22%2C%22email%22%3A%22grass.orange.1%40example.com%22%2C%22email_verified%22%3Atrue%2C%22auth_time%22%3A1656794665%2C%22user_id%22%3A%22nX5Wl3Jo97W80eFRsy6NjNGuQ8ur%22%2C%22firebase%22%3A%7B%22identities%22%3A%7B%22email%22%3A%5B%22grass.orange.1%40example.com%22%5D%2C%22google.com%22%3A%5B%229205466319491866526487096787492295944259%22%5D%7D%2C%22sign_in_provider%22%3A%22google.com%22%7D%2C%22iat%22%3A1656794665%2C%22exp%22%3A1656798265%2C%22aud%22%3A%22htlite-c7797%22%2C%22iss%22%3A%22https%3A%2F%2Fsecuretoken.google.com%2Fhtlite-c7797%22%2C%22sub%22%3A%22nX5Wl3Jo97W80eFRsy6NjNGuQ8ur%22%2C%22uid%22%3A%22nX5Wl3Jo97W80eFRsy6NjNGuQ8ur%22%7D%7D"} {"metadata":{"emulator":{"name":"functions"},"function":{"name":"us-central1-generateTest"},"extension":{},"message":"[runtime-status] [15308] Callable functions auth override {\"key\":\"x-callable-context-auth\",\"value\":\"%7B%22uid%22%3A%22nX5Wl3Jo97W80eFRsy6NjNGuQ8ur%22%2C%22token%22%3A%7B%22name%22%3A%22Grass%20Orange%22%2C%22email%22%3A%22grass.orange.1%40example.com%22%2C%22email_verified%22%3Atrue%2C%22auth_time%22%3A1656794665%2C%22user_id%22%3A%22nX5Wl3Jo97W80eFRsy6NjNGuQ8ur%22%2C%22firebase%22%3A%7B%22identities%22%3A%7B%22email%22%3A%5B%22grass.orange.1%40example.com%22%5D%2C%22google.com%22%3A%5B%229205466319491866526487096787492295944259%22%5D%7D%2C%22sign_in_provider%22%3A%22google.com%22%7D%2C%22iat%22%3A1656794665%2C%22exp%22%3A1656798265%2C%22aud%22%3A%22htlite-c7797%22%2C%22iss%22%3A%22https%3A%2F%2Fsecuretoken.google.com%2Fhtlite-c7797%22%2C%22sub%22%3A%22nX5Wl3Jo97W80eFRsy6NjNGuQ8ur%22%2C%22uid%22%3A%22nX5Wl3Jo97W80eFRsy6NjNGuQ8ur%22%7D%7D\"}"}}
[debug] [2022-07-02T20:44:26.990Z] [runtime-status] [15308] Ephemeral server survived. {"metadata":{"emulator":{"name":"functions"},"function":{"name":"us-central1-generateTest"},"extension":{},"message":"[runtime-status] [15308] Ephemeral server survived."}}
[info] i  functions: Finished "generateTest" in ~1s {"metadata":{"emulator":{"name":"functions"},"function":{"name":"us-central1-generateTest"},"extension":{},"message":"Finished \"generateTest\" in ~1s"}}
[debug] [2022-07-02T20:44:26.991Z] [worker-us-central1-generateTest-20a7e4dd-e054-449b-aee6-ad1521114561]: IDLE {"metadata":{"emulator":{"name":"functions"},"message":"[worker-us-central1-generateTest-20a7e4dd-e054-449b-aee6-ad1521114561]: IDLE"}}
[debug] [2022-07-02T20:44:26.992Z] [work-queue] {"queueLength":0,"workRunningCount":1}
[debug] [2022-07-02T20:44:27.966Z] [runtime-status] [30784] Functions runtime initialized. {"cwd":"C:\\coding\\websites\\htlite\\functions","node_version":"16.15.0"} {"metadata":{"emulator":{"name":"functions"},"function":{"name":"us-central1-generateTest"},"extension":{},"message":"[runtime-status] [30784] Functions runtime initialized. {\"cwd\":\"C:\\\\coding\\\\websites\\\\htlite\\\\functions\",\"node_version\":\"16.15.0\"}"}}
[debug] [2022-07-02T20:44:27.968Z] [runtime-status] [30784] Disabled runtime features: undefined {"metadata":{"emulator":{"name":"functions"},"function":{"name":"us-central1-generateTest"},"extension":{},"message":"[runtime-status] [30784] Disabled runtime features: undefined"}}
[debug] [2022-07-02T20:44:27.970Z] [runtime-status] [30784] Resolved module firebase-admin {"declared":true,"installed":true,"version":"9.12.0","resolution":"C:\\coding\\websites\\htlite\\functions\\node_modules\\firebase-admin\\lib\\index.js"} {"metadata":{"emulator":{"name":"functions"},"function":{"name":"us-central1-generateTest"},"extension":{},"message":"[runtime-status] [30784] Resolved module firebase-admin {\"declared\":true,\"installed\":true,\"version\":\"9.12.0\",\"resolution\":\"C:\\\\coding\\\\websites\\\\htlite\\\\functions\\\\node_modules\\\\firebase-admin\\\\lib\\\\index.js\"}"}}
[debug] [2022-07-02T20:44:27.971Z] [runtime-status] [30784] Resolved module firebase-functions {"declared":true,"installed":true,"version":"3.21.0","resolution":"C:\\coding\\websites\\htlite\\functions\\node_modules\\firebase-functions\\lib\\index.js"} {"metadata":{"emulator":{"name":"functions"},"function":{"name":"us-central1-generateTest"},"extension":{},"message":"[runtime-status] [30784] Resolved module firebase-functions {\"declared\":true,\"installed\":true,\"version\":\"3.21.0\",\"resolution\":\"C:\\\\coding\\\\websites\\\\htlite\\\\functions\\\\node_modules\\\\firebase-functions\\\\lib\\\\index.js\"}"}}
[debug] [2022-07-02T20:44:27.971Z] [runtime-status] [30784] Outgoing network have been stubbed. [{"name":"http","status":"mocked"},{"name":"http","status":"mocked"},{"name":"https","status":"mocked"},{"name":"https","status":"mocked"},{"name":"net","status":"mocked"}] {"metadata":{"emulator":{"name":"functions"},"function":{"name":"us-central1-generateTest"},"extension":{},"message":"[runtime-status] [30784] Outgoing network have been stubbed. [{\"name\":\"http\",\"status\":\"mocked\"},{\"name\":\"http\",\"status\":\"mocked\"},{\"name\":\"https\",\"status\":\"mocked\"},{\"name\":\"https\",\"status\":\"mocked\"},{\"name\":\"net\",\"status\":\"mocked\"}]"}}
[debug] [2022-07-02T20:44:27.972Z] [runtime-status] [30784] Resolved module firebase-functions {"declared":true,"installed":true,"version":"3.21.0","resolution":"C:\\coding\\websites\\htlite\\functions\\node_modules\\firebase-functions\\lib\\index.js"} {"metadata":{"emulator":{"name":"functions"},"function":{"name":"us-central1-generateTest"},"extension":{},"message":"[runtime-status] [30784] Resolved module firebase-functions {\"declared\":true,\"installed\":true,\"version\":\"3.21.0\",\"resolution\":\"C:\\\\coding\\\\websites\\\\htlite\\\\functions\\\\node_modules\\\\firebase-functions\\\\lib\\\\index.js\"}"}}
[debug] [2022-07-02T20:44:28.007Z] [runtime-status] [30784] Checked functions.config() {"config":{}} {"metadata":{"emulator":{"name":"functions"},"function":{"name":"us-central1-generateTest"},"extension":{},"message":"[runtime-status] [30784] Checked functions.config() {\"config\":{}}"}}
[debug] [2022-07-02T20:44:28.008Z] [runtime-status] [30784] firebase-functions has been stubbed. {"functionsResolution":{"declared":true,"installed":true,"version":"3.21.0","resolution":"C:\\coding\\websites\\htlite\\functions\\node_modules\\firebase-functions\\lib\\index.js"}} {"metadata":{"emulator":{"name":"functions"},"function":{"name":"us-central1-generateTest"},"extension":{},"message":"[runtime-status] [30784] firebase-functions has been stubbed. {\"functionsResolution\":{\"declared\":true,\"installed\":true,\"version\":\"3.21.0\",\"resolution\":\"C:\\\\coding\\\\websites\\\\htlite\\\\functions\\\\node_modules\\\\firebase-functions\\\\lib\\\\index.js\"}}"}}
[debug] [2022-07-02T20:44:28.008Z] [runtime-status] [30784] Resolved module firebase-functions {"declared":true,"installed":true,"version":"3.21.0","resolution":"C:\\coding\\websites\\htlite\\functions\\node_modules\\firebase-functions\\lib\\index.js"} {"metadata":{"emulator":{"name":"functions"},"function":{"name":"us-central1-generateTest"},"extension":{},"message":"[runtime-status] [30784] Resolved module firebase-functions {\"declared\":true,\"installed\":true,\"version\":\"3.21.0\",\"resolution\":\"C:\\\\coding\\\\websites\\\\htlite\\\\functions\\\\node_modules\\\\firebase-functions\\\\lib\\\\index.js\"}"}}
[debug] [2022-07-02T20:44:28.009Z] [runtime-status] [30784] Resolved module firebase-admin {"declared":true,"installed":true,"version":"9.12.0","resolution":"C:\\coding\\websites\\htlite\\functions\\node_modules\\firebase-admin\\lib\\index.js"} {"metadata":{"emulator":{"name":"functions"},"function":{"name":"us-central1-generateTest"},"extension":{},"message":"[runtime-status] [30784] Resolved module firebase-admin {\"declared\":true,\"installed\":true,\"version\":\"9.12.0\",\"resolution\":\"C:\\\\coding\\\\websites\\\\htlite\\\\functions\\\\node_modules\\\\firebase-admin\\\\lib\\\\index.js\"}"}}
[debug] [2022-07-02T20:44:28.010Z] [runtime-status] [30784] Resolved module firebase-functions {"declared":true,"installed":true,"version":"3.21.0","resolution":"C:\\coding\\websites\\htlite\\functions\\node_modules\\firebase-functions\\lib\\index.js"} {"metadata":{"emulator":{"name":"functions"},"function":{"name":"us-central1-generateTest"},"extension":{},"message":"[runtime-status] [30784] Resolved module firebase-functions {\"declared\":true,\"installed\":true,\"version\":\"3.21.0\",\"resolution\":\"C:\\\\coding\\\\websites\\\\htlite\\\\functions\\\\node_modules\\\\firebase-functions\\\\lib\\\\index.js\"}"}}
[debug] [2022-07-02T20:44:28.010Z] [runtime-status] [30784] firebase-admin has been stubbed. {"adminResolution":{"declared":true,"installed":true,"version":"9.12.0","resolution":"C:\\coding\\websites\\htlite\\functions\\node_modules\\firebase-admin\\lib\\index.js"}} {"metadata":{"emulator":{"name":"functions"},"function":{"name":"us-central1-generateTest"},"extension":{},"message":"[runtime-status] [30784] firebase-admin has been stubbed. {\"adminResolution\":{\"declared\":true,\"installed\":true,\"version\":\"9.12.0\",\"resolution\":\"C:\\\\coding\\\\websites\\\\htlite\\\\functions\\\\node_modules\\\\firebase-admin\\\\lib\\\\index.js\"}}"}}
[debug] [2022-07-02T20:44:28.011Z] [runtime-status] [30784] initializeApp(DEFAULT) {"storageBucket":"htlite-c7797.appspot.com","projectId":"htlite-c7797"} {"metadata":{"emulator":{"name":"functions"},"function":{"name":"us-central1-generateTest"},"extension":{},"message":"[runtime-status] [30784] initializeApp(DEFAULT) {\"storageBucket\":\"htlite-c7797.appspot.com\",\"projectId\":\"htlite-c7797\"}"}}
[debug] [2022-07-02T20:44:28.112Z] [runtime-status] [30784] Beginning invocation function generateTest! {"metadata":{"emulator":{"name":"functions"},"function":{"name":"us-central1-generateTest"},"extension":{},"message":"[runtime-status] [30784] Beginning invocation function generateTest!"}}
[info] i  functions: Beginning execution of "generateTest" {"metadata":{"emulator":{"name":"functions"},"function":{"name":"us-central1-generateTest"},"extension":{},"message":"Beginning execution of \"generateTest\""}}
[debug] [2022-07-02T20:44:28.113Z] [runtime-status] [30784] Running generateTest in signature http {"metadata":{"emulator":{"name":"functions"},"function":{"name":"us-central1-generateTest"},"extension":{},"message":"[runtime-status] [30784] Running generateTest in signature http"}}
[debug] [2022-07-02T20:44:28.116Z] [runtime-status] [30784] Attempting to listen to socketPath: \\?\pipe\C:\coding\websites\htlite\functions\30784 {"metadata":{"emulator":{"name":"functions"},"function":{"name":"us-central1-generateTest"},"extension":{},"message":"[runtime-status] [30784] Attempting to listen to socketPath: \\\\?\\pipe\\C:\\coding\\websites\\htlite\\functions\\30784"}}
[debug] [2022-07-02T20:44:28.117Z] [functions] Runtime ready! Sending request! {"metadata":{"emulator":{"name":"functions"},"message":"[functions] Runtime ready! Sending request!"}}
[debug] [2022-07-02T20:44:28.117Z] [functions] Got req.url=/htlite-c7797/us-central1/generateTest, mapping to path=/ {"metadata":{"emulator":{"name":"functions"},"message":"[functions] Got req.url=/htlite-c7797/us-central1/generateTest, mapping to path=/"}}
[debug] [2022-07-02T20:44:28.137Z] [runtime-status] [30784] Ephemeral server handling POST request {"metadata":{"emulator":{"name":"functions"},"function":{"name":"us-central1-generateTest"},"extension":{},"message":"[runtime-status] [30784] Ephemeral server handling POST request"}}
[info] >  {"verifications":{"app":"MISSING","auth":"MISSING"},"logging.googleapis.com/labels":{"firebase-log-type":"callable-request-verification"},"severity":"INFO","message":"Callable request verification passed"} {"user":{"verifications":{"app":"MISSING","auth":"MISSING"},"logging.googleapis.com/labels":{"firebase-log-type":"callable-request-verification"},"severity":"INFO","message":"Callable request verification passed"},"metadata":{"emulator":{"name":"functions"},"function":{"name":"us-central1-generateTest"},"extension":{},"message":"\u001b[90m> \u001b[39m {\"verifications\":{\"app\":\"MISSING\",\"auth\":\"MISSING\"},\"logging.googleapis.com/labels\":{\"firebase-log-type\":\"callable-request-verification\"},\"severity\":\"INFO\",\"message\":\"Callable request verification passed\"}"}}
[debug] [2022-07-02T20:44:28.140Z] [runtime-status] [30784] Callable functions auth override {"key":"x-callable-context-auth","value":"%7B%22uid%22%3A%22nX5Wl3Jo97W80eFRsy6NjNGuQ8ur%22%2C%22token%22%3A%7B%22name%22%3A%22Grass%20Orange%22%2C%22email%22%3A%22grass.orange.1%40example.com%22%2C%22email_verified%22%3Atrue%2C%22auth_time%22%3A1656794665%2C%22user_id%22%3A%22nX5Wl3Jo97W80eFRsy6NjNGuQ8ur%22%2C%22firebase%22%3A%7B%22identities%22%3A%7B%22email%22%3A%5B%22grass.orange.1%40example.com%22%5D%2C%22google.com%22%3A%5B%229205466319491866526487096787492295944259%22%5D%7D%2C%22sign_in_provider%22%3A%22google.com%22%7D%2C%22iat%22%3A1656794665%2C%22exp%22%3A1656798265%2C%22aud%22%3A%22htlite-c7797%22%2C%22iss%22%3A%22https%3A%2F%2Fsecuretoken.google.com%2Fhtlite-c7797%22%2C%22sub%22%3A%22nX5Wl3Jo97W80eFRsy6NjNGuQ8ur%22%2C%22uid%22%3A%22nX5Wl3Jo97W80eFRsy6NjNGuQ8ur%22%7D%7D"} {"metadata":{"emulator":{"name":"functions"},"function":{"name":"us-central1-generateTest"},"extension":{},"message":"[runtime-status] [30784] Callable functions auth override {\"key\":\"x-callable-context-auth\",\"value\":\"%7B%22uid%22%3A%22nX5Wl3Jo97W80eFRsy6NjNGuQ8ur%22%2C%22token%22%3A%7B%22name%22%3A%22Grass%20Orange%22%2C%22email%22%3A%22grass.orange.1%40example.com%22%2C%22email_verified%22%3Atrue%2C%22auth_time%22%3A1656794665%2C%22user_id%22%3A%22nX5Wl3Jo97W80eFRsy6NjNGuQ8ur%22%2C%22firebase%22%3A%7B%22identities%22%3A%7B%22email%22%3A%5B%22grass.orange.1%40example.com%22%5D%2C%22google.com%22%3A%5B%229205466319491866526487096787492295944259%22%5D%7D%2C%22sign_in_provider%22%3A%22google.com%22%7D%2C%22iat%22%3A1656794665%2C%22exp%22%3A1656798265%2C%22aud%22%3A%22htlite-c7797%22%2C%22iss%22%3A%22https%3A%2F%2Fsecuretoken.google.com%2Fhtlite-c7797%22%2C%22sub%22%3A%22nX5Wl3Jo97W80eFRsy6NjNGuQ8ur%22%2C%22uid%22%3A%22nX5Wl3Jo97W80eFRsy6NjNGuQ8ur%22%7D%7D\"}"}}
[debug] [2022-07-02T20:44:28.142Z] [runtime-status] [30784] Ephemeral server survived. {"metadata":{"emulator":{"name":"functions"},"function":{"name":"us-central1-generateTest"},"extension":{},"message":"[runtime-status] [30784] Ephemeral server survived."}}
[info] i  functions: Finished "generateTest" in ~1s {"metadata":{"emulator":{"name":"functions"},"function":{"name":"us-central1-generateTest"},"extension":{},"message":"Finished \"generateTest\" in ~1s"}}
[debug] [2022-07-02T20:44:28.144Z] [worker-us-central1-generateTest-139ccc90-04a2-4eee-9bee-c3bed309983b]: IDLE {"metadata":{"emulator":{"name":"functions"},"message":"[worker-us-central1-generateTest-139ccc90-04a2-4eee-9bee-c3bed309983b]: IDLE"}}
[debug] [2022-07-02T20:44:28.144Z] [work-queue] {"queueLength":0,"workRunningCount":0}
[debug] [2022-07-02T22:18:19.590Z] [work-queue] {"queueLength":1,"workRunningCount":0}
[debug] [2022-07-02T22:18:19.592Z] [work-queue] {"queueLength":0,"workRunningCount":1}
[debug] [2022-07-02T22:18:19.592Z] Accepted request OPTIONS /htlite-c7797/us-central1/generateTest --> us-central1-generateTest
[debug] [2022-07-02T22:18:19.593Z] [worker-pool] submitWork(triggerId=us-central1-generateTest) {"metadata":{"emulator":{"name":"functions"},"message":"[worker-pool] submitWork(triggerId=us-central1-generateTest)"}}
[debug] [2022-07-02T22:18:19.593Z] [worker-us-central1-generateTest-20a7e4dd-e054-449b-aee6-ad1521114561]: Assigning socketPath: \\?\pipe\C:\coding\websites\htlite\functions\15308 {"metadata":{"emulator":{"name":"functions"},"message":"[worker-us-central1-generateTest-20a7e4dd-e054-449b-aee6-ad1521114561]: Assigning socketPath: \\\\?\\pipe\\C:\\coding\\websites\\htlite\\functions\\15308"}}
[debug] [2022-07-02T22:18:19.593Z] [worker-us-central1-generateTest-20a7e4dd-e054-449b-aee6-ad1521114561]: BUSY {"metadata":{"emulator":{"name":"functions"},"message":"[worker-us-central1-generateTest-20a7e4dd-e054-449b-aee6-ad1521114561]: BUSY"}}
[debug] [2022-07-02T22:18:19.614Z] [runtime-status] [15308] Beginning invocation function generateTest! {"metadata":{"emulator":{"name":"functions"},"function":{"name":"us-central1-generateTest"},"extension":{},"message":"[runtime-status] [15308] Beginning invocation function generateTest!"}}
[info] i  functions: Beginning execution of "generateTest" {"metadata":{"emulator":{"name":"functions"},"function":{"name":"us-central1-generateTest"},"extension":{},"message":"Beginning execution of \"generateTest\""}}
[debug] [2022-07-02T22:18:19.617Z] [runtime-status] [15308] Running generateTest in signature http {"metadata":{"emulator":{"name":"functions"},"function":{"name":"us-central1-generateTest"},"extension":{},"message":"[runtime-status] [15308] Running generateTest in signature http"}}
[debug] [2022-07-02T22:18:19.622Z] [runtime-status] [15308] Attempting to listen to socketPath: \\?\pipe\C:\coding\websites\htlite\functions\15308 {"metadata":{"emulator":{"name":"functions"},"function":{"name":"us-central1-generateTest"},"extension":{},"message":"[runtime-status] [15308] Attempting to listen to socketPath: \\\\?\\pipe\\C:\\coding\\websites\\htlite\\functions\\15308"}}
[debug] [2022-07-02T22:18:19.626Z] [functions] Runtime ready! Sending request! {"metadata":{"emulator":{"name":"functions"},"message":"[functions] Runtime ready! Sending request!"}}
[debug] [2022-07-02T22:18:19.626Z] [functions] Got req.url=/htlite-c7797/us-central1/generateTest, mapping to path=/ {"metadata":{"emulator":{"name":"functions"},"message":"[functions] Got req.url=/htlite-c7797/us-central1/generateTest, mapping to path=/"}}
[debug] [2022-07-02T22:18:19.630Z] [runtime-status] [15308] Ephemeral server handling OPTIONS request {"metadata":{"emulator":{"name":"functions"},"function":{"name":"us-central1-generateTest"},"extension":{},"message":"[runtime-status] [15308] Ephemeral server handling OPTIONS request"}}
[debug] [2022-07-02T22:18:19.633Z] [runtime-status] [15308] Ephemeral server survived. {"metadata":{"emulator":{"name":"functions"},"function":{"name":"us-central1-generateTest"},"extension":{},"message":"[runtime-status] [15308] Ephemeral server survived."}}
[info] i  functions: Finished "generateTest" in ~1s {"metadata":{"emulator":{"name":"functions"},"function":{"name":"us-central1-generateTest"},"extension":{},"message":"Finished \"generateTest\" in ~1s"}}
[debug] [2022-07-02T22:18:19.634Z] [worker-us-central1-generateTest-20a7e4dd-e054-449b-aee6-ad1521114561]: IDLE {"metadata":{"emulator":{"name":"functions"},"message":"[worker-us-central1-generateTest-20a7e4dd-e054-449b-aee6-ad1521114561]: IDLE"}}
[debug] [2022-07-02T22:18:19.634Z] [work-queue] {"queueLength":0,"workRunningCount":0}
[debug] [2022-07-02T22:18:19.635Z] [work-queue] {"queueLength":1,"workRunningCount":0}
[debug] [2022-07-02T22:18:19.635Z] [work-queue] {"queueLength":0,"workRunningCount":1}
[debug] [2022-07-02T22:18:19.635Z] Accepted request POST /htlite-c7797/us-central1/generateTest --> us-central1-generateTest
[debug] [2022-07-02T22:18:19.635Z] ID Token: eyJhbGciOiJub25lIiwidHlwIjoiSldUIn0.eyJuYW1lIjoiR3Jhc3MgT3JhbmdlIiwiZW1haWwiOiJncmFzcy5vcmFuZ2UuMUBleGFtcGxlLmNvbSIsImVtYWlsX3ZlcmlmaWVkIjp0cnVlLCJhdXRoX3RpbWUiOjE2NTY3OTQ2NjUsInVzZXJfaWQiOiJuWDVXbDNKbzk3VzgwZUZSc3k2TmpOR3VROHVyIiwiZmlyZWJhc2UiOnsiaWRlbnRpdGllcyI6eyJlbWFpbCI6WyJncmFzcy5vcmFuZ2UuMUBleGFtcGxlLmNvbSJdLCJnb29nbGUuY29tIjpbIjkyMDU0NjYzMTk0OTE4NjY1MjY0ODcwOTY3ODc0OTIyOTU5NDQyNTkiXX0sInNpZ25faW5fcHJvdmlkZXIiOiJnb29nbGUuY29tIn0sImlhdCI6MTY1NjgwMDIxOSwiZXhwIjoxNjU2ODAzODE5LCJhdWQiOiJodGxpdGUtYzc3OTciLCJpc3MiOiJodHRwczovL3NlY3VyZXRva2VuLmdvb2dsZS5jb20vaHRsaXRlLWM3Nzk3Iiwic3ViIjoiblg1V2wzSm85N1c4MGVGUnN5Nk5qTkd1UTh1ciJ9.
[debug] [2022-07-02T22:18:19.636Z] [worker-pool] submitWork(triggerId=us-central1-generateTest) {"metadata":{"emulator":{"name":"functions"},"message":"[worker-pool] submitWork(triggerId=us-central1-generateTest)"}}
[debug] [2022-07-02T22:18:19.636Z] [worker-us-central1-generateTest-20a7e4dd-e054-449b-aee6-ad1521114561]: Assigning socketPath: \\?\pipe\C:\coding\websites\htlite\functions\15308 {"metadata":{"emulator":{"name":"functions"},"message":"[worker-us-central1-generateTest-20a7e4dd-e054-449b-aee6-ad1521114561]: Assigning socketPath: \\\\?\\pipe\\C:\\coding\\websites\\htlite\\functions\\15308"}}
[debug] [2022-07-02T22:18:19.636Z] [worker-us-central1-generateTest-20a7e4dd-e054-449b-aee6-ad1521114561]: BUSY {"metadata":{"emulator":{"name":"functions"},"message":"[worker-us-central1-generateTest-20a7e4dd-e054-449b-aee6-ad1521114561]: BUSY"}}
[debug] [2022-07-02T22:18:19.650Z] [runtime-status] [15308] Beginning invocation function generateTest! {"metadata":{"emulator":{"name":"functions"},"function":{"name":"us-central1-generateTest"},"extension":{},"message":"[runtime-status] [15308] Beginning invocation function generateTest!"}}
[info] i  functions: Beginning execution of "generateTest" {"metadata":{"emulator":{"name":"functions"},"function":{"name":"us-central1-generateTest"},"extension":{},"message":"Beginning execution of \"generateTest\""}}
[debug] [2022-07-02T22:18:19.651Z] [runtime-status] [15308] Running generateTest in signature http {"metadata":{"emulator":{"name":"functions"},"function":{"name":"us-central1-generateTest"},"extension":{},"message":"[runtime-status] [15308] Running generateTest in signature http"}}
[debug] [2022-07-02T22:18:19.651Z] [runtime-status] [15308] Attempting to listen to socketPath: \\?\pipe\C:\coding\websites\htlite\functions\15308 {"metadata":{"emulator":{"name":"functions"},"function":{"name":"us-central1-generateTest"},"extension":{},"message":"[runtime-status] [15308] Attempting to listen to socketPath: \\\\?\\pipe\\C:\\coding\\websites\\htlite\\functions\\15308"}}
[debug] [2022-07-02T22:18:19.652Z] [functions] Runtime ready! Sending request! {"metadata":{"emulator":{"name":"functions"},"message":"[functions] Runtime ready! Sending request!"}}
[debug] [2022-07-02T22:18:19.652Z] [functions] Got req.url=/htlite-c7797/us-central1/generateTest, mapping to path=/ {"metadata":{"emulator":{"name":"functions"},"message":"[functions] Got req.url=/htlite-c7797/us-central1/generateTest, mapping to path=/"}}
[debug] [2022-07-02T22:18:19.655Z] [runtime-status] [15308] Ephemeral server handling POST request {"metadata":{"emulator":{"name":"functions"},"function":{"name":"us-central1-generateTest"},"extension":{},"message":"[runtime-status] [15308] Ephemeral server handling POST request"}}
[info] >  {"verifications":{"app":"MISSING","auth":"MISSING"},"logging.googleapis.com/labels":{"firebase-log-type":"callable-request-verification"},"severity":"INFO","message":"Callable request verification passed"} {"user":{"verifications":{"app":"MISSING","auth":"MISSING"},"logging.googleapis.com/labels":{"firebase-log-type":"callable-request-verification"},"severity":"INFO","message":"Callable request verification passed"},"metadata":{"emulator":{"name":"functions"},"function":{"name":"us-central1-generateTest"},"extension":{},"message":"\u001b[90m> \u001b[39m {\"verifications\":{\"app\":\"MISSING\",\"auth\":\"MISSING\"},\"logging.googleapis.com/labels\":{\"firebase-log-type\":\"callable-request-verification\"},\"severity\":\"INFO\",\"message\":\"Callable request verification passed\"}"}}
[debug] [2022-07-02T22:18:19.657Z] [runtime-status] [15308] Callable functions auth override {"key":"x-callable-context-auth","value":"%7B%22uid%22%3A%22nX5Wl3Jo97W80eFRsy6NjNGuQ8ur%22%2C%22token%22%3A%7B%22name%22%3A%22Grass%20Orange%22%2C%22email%22%3A%22grass.orange.1%40example.com%22%2C%22email_verified%22%3Atrue%2C%22auth_time%22%3A1656794665%2C%22user_id%22%3A%22nX5Wl3Jo97W80eFRsy6NjNGuQ8ur%22%2C%22firebase%22%3A%7B%22identities%22%3A%7B%22email%22%3A%5B%22grass.orange.1%40example.com%22%5D%2C%22google.com%22%3A%5B%229205466319491866526487096787492295944259%22%5D%7D%2C%22sign_in_provider%22%3A%22google.com%22%7D%2C%22iat%22%3A1656800219%2C%22exp%22%3A1656803819%2C%22aud%22%3A%22htlite-c7797%22%2C%22iss%22%3A%22https%3A%2F%2Fsecuretoken.google.com%2Fhtlite-c7797%22%2C%22sub%22%3A%22nX5Wl3Jo97W80eFRsy6NjNGuQ8ur%22%2C%22uid%22%3A%22nX5Wl3Jo97W80eFRsy6NjNGuQ8ur%22%7D%7D"} {"metadata":{"emulator":{"name":"functions"},"function":{"name":"us-central1-generateTest"},"extension":{},"message":"[runtime-status] [15308] Callable functions auth override {\"key\":\"x-callable-context-auth\",\"value\":\"%7B%22uid%22%3A%22nX5Wl3Jo97W80eFRsy6NjNGuQ8ur%22%2C%22token%22%3A%7B%22name%22%3A%22Grass%20Orange%22%2C%22email%22%3A%22grass.orange.1%40example.com%22%2C%22email_verified%22%3Atrue%2C%22auth_time%22%3A1656794665%2C%22user_id%22%3A%22nX5Wl3Jo97W80eFRsy6NjNGuQ8ur%22%2C%22firebase%22%3A%7B%22identities%22%3A%7B%22email%22%3A%5B%22grass.orange.1%40example.com%22%5D%2C%22google.com%22%3A%5B%229205466319491866526487096787492295944259%22%5D%7D%2C%22sign_in_provider%22%3A%22google.com%22%7D%2C%22iat%22%3A1656800219%2C%22exp%22%3A1656803819%2C%22aud%22%3A%22htlite-c7797%22%2C%22iss%22%3A%22https%3A%2F%2Fsecuretoken.google.com%2Fhtlite-c7797%22%2C%22sub%22%3A%22nX5Wl3Jo97W80eFRsy6NjNGuQ8ur%22%2C%22uid%22%3A%22nX5Wl3Jo97W80eFRsy6NjNGuQ8ur%22%7D%7D\"}"}}
[debug] [2022-07-02T22:18:19.658Z] [runtime-status] [15308] Ephemeral server survived. {"metadata":{"emulator":{"name":"functions"},"function":{"name":"us-central1-generateTest"},"extension":{},"message":"[runtime-status] [15308] Ephemeral server survived."}}
[info] i  functions: Finished "generateTest" in ~1s {"metadata":{"emulator":{"name":"functions"},"function":{"name":"us-central1-generateTest"},"extension":{},"message":"Finished \"generateTest\" in ~1s"}}
[debug] [2022-07-02T22:18:19.658Z] [worker-us-central1-generateTest-20a7e4dd-e054-449b-aee6-ad1521114561]: IDLE {"metadata":{"emulator":{"name":"functions"},"message":"[worker-us-central1-generateTest-20a7e4dd-e054-449b-aee6-ad1521114561]: IDLE"}}
[debug] [2022-07-02T22:18:19.658Z] [work-queue] {"queueLength":0,"workRunningCount":0}
